<?xml version="1.0" encoding="UTF-8"?>
<!-- Generated by org.testng.reporters.JUnitReportReporter -->
<testsuite hostname="Ilham" name="com.hrms.tests.priorityTesting" tests="6" failures="1" timestamp="25 Feb 2021 00:21:52 GMT" time="0.137" errors="0">
  <testcase name="test2" time="0.050" classname="com.hrms.tests.priorityTesting"/>
  <testcase name="test6" time="0.044" classname="com.hrms.tests.priorityTesting"/>
  <testcase name="test7" time="0.018" classname="com.hrms.tests.priorityTesting"/>
  <testcase name="test1" time="0.000" classname="com.hrms.tests.priorityTesting">
    <failure type="org.testng.TestNGException" message="
Parameter &#039;myName&#039; is required by @Test on method test1 but has not been marked @Optional or defined
in C:\Users\User\eclipse-workspace\tmt_Batch5_TestNG\regressionTesting.xml">
      <![CDATA[org.testng.TestNGException: 
Parameter 'myName' is required by @Test on method test1 but has not been marked @Optional or defined
in C:\Users\User\eclipse-workspace\tmt_Batch5_TestNG\regressionTesting.xml
	at org.testng.internal.Parameters.createParameters(Parameters.java:155)
	at org.testng.internal.Parameters.createParameters(Parameters.java:355)
	at org.testng.internal.Parameters.handleParameters(Parameters.java:447)
	at org.testng.internal.Invoker.handleParameters(Invoker.java:1383)
	at org.testng.internal.Invoker.createParameters(Invoker.java:1075)
	at org.testng.internal.Invoker.invokeTestMethods(Invoker.java:1180)
	at org.testng.internal.TestMethodWorker.invokeTestMethods(TestMethodWorker.java:127)
	at org.testng.internal.TestMethodWorker.run(TestMethodWorker.java:111)
	at org.testng.TestRunner.privateRun(TestRunner.java:767)
	at org.testng.TestRunner.run(TestRunner.java:617)
	at org.testng.SuiteRunner.runTest(SuiteRunner.java:334)
	at org.testng.SuiteRunner.runSequentially(SuiteRunner.java:329)
	at org.testng.SuiteRunner.privateRun(SuiteRunner.java:291)
	at org.testng.SuiteRunner.run(SuiteRunner.java:240)
	at org.testng.SuiteRunnerWorker.runSuite(SuiteRunnerWorker.java:52)
	at org.testng.SuiteRunnerWorker.run(SuiteRunnerWorker.java:86)
	at org.testng.TestNG.runSuitesSequentially(TestNG.java:1198)
	at org.testng.TestNG.runSuitesLocally(TestNG.java:1123)
	at org.testng.TestNG.run(TestNG.java:1031)
	at org.testng.remote.AbstractRemoteTestNG.run(AbstractRemoteTestNG.java:115)
	at org.testng.remote.RemoteTestNG.initAndRun(RemoteTestNG.java:251)
	at org.testng.remote.RemoteTestNG.main(RemoteTestNG.java:77)
]]>
    </failure>
  </testcase> <!-- test1 -->
  <testcase name="test4" time="0.008" classname="com.hrms.tests.priorityTesting"/>
  <testcase name="test5" time="0.017" classname="com.hrms.tests.priorityTesting"/>
</testsuite> <!-- com.hrms.tests.priorityTesting -->
